{"C:\\Users\\JFRAN\\PROJETOS\\NodeJS\\calculocombustivel.js": {"path":"C:\\Users\\JFRAN\\PROJETOS\\NodeJS\\calculocombustivel.js","statementMap":{"0":{"start":{"line":5,"column":4},"end":{"line":5,"column":35}},"1":{"start":{"line":7,"column":4},"end":{"line":7,"column":43}},"2":{"start":{"line":9,"column":4},"end":{"line":9,"column":21}},"3":{"start":{"line":13,"column":0},"end":{"line":13,"column":38}}},"fnMap":{"0":{"name":"calcularCombustivel","decl":{"start":{"line":2,"column":9},"end":{"line":2,"column":28}},"loc":{"start":{"line":2,"column":56},"end":{"line":10,"column":1}},"line":2}},"branchMap":{},"s":{"0":3,"1":3,"2":3,"3":1},"f":{"0":3},"b":{},"_coverageSchema":"1a1c01bbd47fc00a2c39e90264f33305004495a9","hash":"2e7ddefd9e9cb4aa9c21628602763a29d4ad77c4"}
}
