{"C:\\Users\\JFRAN\\OneDrive\\Área de Trabalho\\NODE\\calculocombustivel.js": {"path":"C:\\Users\\JFRAN\\OneDrive\\Área de Trabalho\\NODE\\calculocombustivel.js","statementMap":{"0":{"start":{"line":5,"column":4},"end":{"line":5,"column":35}},"1":{"start":{"line":7,"column":4},"end":{"line":7,"column":43}},"2":{"start":{"line":9,"column":4},"end":{"line":9,"column":21}},"3":{"start":{"line":13,"column":0},"end":{"line":13,"column":38}}},"fnMap":{"0":{"name":"calcularCombustivel","decl":{"start":{"line":2,"column":9},"end":{"line":2,"column":28}},"loc":{"start":{"line":2,"column":56},"end":{"line":10,"column":1}},"line":2}},"branchMap":{},"s":{"0":1,"1":1,"2":1,"3":1},"f":{"0":1},"b":{},"_coverageSchema":"1a1c01bbd47fc00a2c39e90264f33305004495a9","hash":"6e898a72bca053d8b554f9826f29c03bdb4f3cac"}
}
